<?xml version="1.0" encoding="UTF-8"?>
<testsuite name="Delete Pet" tests="1" skipped="0" failures="0" errors="0" timestamp="2022-03-11T01:45:47" hostname="SQADGUZMAN1" time="9.171">
  <properties/>
  <testcase name="Delete Pet Successfully" classname="Delete Pet" time="9.171"/>
  <system-out><![CDATA[200]]></system-out>
  <system-err><![CDATA[[Test worker] INFO net.thucydides.core.steps.ConsoleLoggingListener - 
        __    _____ _____ ____ _____   ____   _    ____  ____  _____ ____  
  _     \ \  |_   _| ____/ ___|_   _| |  _ \ / \  / ___|/ ___|| ____|  _ \ 
 (_)_____| |   | | |  _| \___ \ | |   | |_) / _ \ \___ \\___ \|  _| | | | |
  _|_____| |   | | | |___ ___) || |   |  __/ ___ \ ___) |___) | |___| |_| |
 (_)     | |   |_| |_____|____/ |_|   |_| /_/   \_\____/|____/|_____|____/ 
        /_/                                                                

TEST PASSED: Delete Pet Successfully
----------------------------------------------------------------------------
]]></system-err>
</testsuite>
