<?xml version="1.0" encoding="UTF-8"?>
<testsuite name="PruebaJunitTest" tests="1" skipped="0" failures="0" errors="0" timestamp="2022-02-22T13:48:10" hostname="SQAMED-SQA-4354" time="8.456">
  <properties/>
  <testcase name="test" classname="PruebaJunitTest" time="8.456"/>
  <system-out><![CDATA[After flight finder - No Seats Avaialble  
]]></system-out>
  <system-err><![CDATA[Starting ChromeDriver 98.0.4758.80 (7f0488e8ba0d8e019187c6325a16c29d9b7f4989-refs/branch-heads/4758@{#972}) on port 29264
Only local connections are allowed.
Please see https://chromedriver.chromium.org/security-considerations for suggestions on keeping ChromeDriver safe.
ChromeDriver was started successfully.
feb. 22, 2022 8:48:12 A. M. org.openqa.selenium.remote.ProtocolHandshake createSession
INFO: Detected dialect: W3C
]]></system-err>
</testsuite>
